Retrieving logs...
============= i-0a094ee290bce9fac ==============
----------------------------------------
/var/log/eb-engine.log
----------------------------------------
      
      ../cairo/meson.build:31:12: ERROR: Dependency "cairo" not found, tried pkgconfig
      
      A full log can be found at /tmp/pip-install-9nhxc891/pycairo_b3832dd123a14907a411a1c16501354f/.mesonpy-sag8cczg/meson-logs/meson-log.txt
      [end of output]
  
  note: This error originates from a subprocess, and is likely not a problem with pip.
error: metadata-generation-failed

× Encountered error while generating package metadata.
╰─> See above for output.

note: This is an issue with the package mentioned above, not pip.
hint: See above for details.

2025/10/23 04:23:42.947974 [ERROR] An error occurred during execution of command [app-deploy] - [InstallDependency]. Stop running the command. Error: fail to install dependencies with requirements.txt file with error Command /var/app/venv/staging-LQM1lest/bin/pip install -r requirements.txt failed with error exit status 1. Stderr:  error: subprocess-exited-with-error
  
  × Preparing metadata (pyproject.toml) did not run successfully.
  │ exit code: 1
  ╰─> [49 lines of output]
      + meson setup /tmp/pip-install-9nhxc891/pycairo_b3832dd123a14907a411a1c16501354f /tmp/pip-install-9nhxc891/pycairo_b3832dd123a14907a411a1c16501354f/.mesonpy-sag8cczg -Dbuildtype=release -Db_ndebug=if-release -Db_vscrt=md -Dwheel=true -Dtests=false --native-file=/tmp/pip-install-9nhxc891/pycairo_b3832dd123a14907a411a1c16501354f/.mesonpy-sag8cczg/meson-python-native-file.ini
      The Meson build system
      Version: 1.9.1
      Source dir: /tmp/pip-install-9nhxc891/pycairo_b3832dd123a14907a411a1c16501354f
      Build dir: /tmp/pip-install-9nhxc891/pycairo_b3832dd123a14907a411a1c16501354f/.mesonpy-sag8cczg
      Build type: native build
      Project name: pycairo
      Project version: 1.27.0
      C compiler for the host machine: cc (gcc 11.5.0 "cc (GCC) 11.5.0 20240719 (Red Hat 11.5.0-5)")
      C linker for the host machine: cc ld.bfd 2.41-50
      Host machine cpu family: x86_64
      Host machine cpu: x86_64
      Program python3 found: YES (/var/app/venv/staging-LQM1lest/bin/python3.11)
      Compiler for C supports arguments -Wall: YES
      Compiler for C supports arguments -Warray-bounds: YES
      Compiler for C supports arguments -Wcast-align: YES
      Compiler for C supports arguments -Wconversion: YES
      Compiler for C supports arguments -Wextra: YES
      Compiler for C supports arguments -Wformat=2: YES
      Compiler for C supports arguments -Wformat-nonliteral: YES
      Compiler for C supports arguments -Wformat-security: YES
      Compiler for C supports arguments -Wimplicit-function-declaration: YES
      Compiler for C supports arguments -Winit-self: YES
      Compiler for C supports arguments -Winline: YES
      Compiler for C supports arguments -Wmissing-format-attribute: YES
      Compiler for C supports arguments -Wmissing-noreturn: YES
      Compiler for C supports arguments -Wnested-externs: YES
      Compiler for C supports arguments -Wold-style-definition: YES
      Compiler for C supports arguments -Wpacked: YES
      Compiler for C supports arguments -Wpointer-arith: YES
      Compiler for C supports arguments -Wreturn-type: YES
      Compiler for C supports arguments -Wshadow: YES
      Compiler for C supports arguments -Wsign-compare: YES
      Compiler for C supports arguments -Wstrict-aliasing: YES
      Compiler for C supports arguments -Wundef: YES
      Compiler for C supports arguments -Wunused-but-set-variable: YES
      Compiler for C supports arguments -Wswitch-default: YES
      Compiler for C supports arguments -Wno-missing-field-initializers: YES
      Compiler for C supports arguments -Wno-unused-parameter: YES
      Compiler for C supports arguments -fno-strict-aliasing: YES
      Compiler for C supports arguments -fvisibility=hidden: YES
      Found pkg-config: YES (/bin/pkg-config) 1.8.0
      Did not find CMake 'cmake'
      Found CMake: NO
      Run-time dependency cairo found: NO (tried pkgconfig)
      
      ../cairo/meson.build:31:12: ERROR: Dependency "cairo" not found, tried pkgconfig
      
      A full log can be found at /tmp/pip-install-9nhxc891/pycairo_b3832dd123a14907a411a1c16501354f/.mesonpy-sag8cczg/meson-logs/meson-log.txt
      [end of output]
  
  note: This error originates from a subprocess, and is likely not a problem with pip.
error: metadata-generation-failed

× Encountered error while generating package metadata.
╰─> See above for output.

note: This is an issue with the package mentioned above, not pip.
hint: See above for details.
 

2025/10/23 04:23:42.947979 [INFO] Executing cleanup logic
2025/10/23 04:23:42.948052 [INFO] CommandService Response: {"status":"FAILURE","api_version":"1.0","results":[{"status":"FAILURE","msg":"Engine execution has encountered an error.","returncode":1,"events":[{"msg":"Instance deployment failed to install application dependencies. The deployment failed.","timestamp":1761193422947,"severity":"ERROR"},{"msg":"Instance deployment failed. For details, see 'eb-engine.log'.","timestamp":1761193422947,"severity":"ERROR"}]}]}

2025/10/23 04:23:42.948189 [INFO] Platform Engine finished execution on command: app-deploy

2025/10/23 04:25:11.527767 [INFO] Starting...
2025/10/23 04:25:11.527821 [INFO] Starting EBPlatform-PlatformEngine
2025/10/23 04:25:11.527847 [INFO] reading event message file
2025/10/23 04:25:11.528187 [INFO] Engine received EB command cfn-hup-exec

2025/10/23 04:25:11.591935 [INFO] Running command: /opt/aws/bin/cfn-get-metadata -s arn:aws:cloudformation:us-east-1:386104178815:stack/awseb-e-puh79pmg2z-stack/96c34e20-afc7-11f0-9bec-129fe70df4c1 -r AWSEBAutoScalingGroup --region us-east-1
2025/10/23 04:25:11.884382 [INFO] Running command: /opt/aws/bin/cfn-get-metadata -s arn:aws:cloudformation:us-east-1:386104178815:stack/awseb-e-puh79pmg2z-stack/96c34e20-afc7-11f0-9bec-129fe70df4c1 -r AWSEBBeanstalkMetadata --region us-east-1
2025/10/23 04:25:12.158880 [INFO] checking whether command tail-log is applicable to this instance...
2025/10/23 04:25:12.158892 [INFO] this command is applicable to the instance, thus instance should execute command
2025/10/23 04:25:12.158895 [INFO] Engine command: (tail-log)

2025/10/23 04:25:12.158934 [INFO] Executing instruction: GetTailLogs
2025/10/23 04:25:12.158937 [INFO] Tail Logs...
2025/10/23 04:25:12.159275 [INFO] Running command: tail -n 100 /var/log/eb-engine.log


----------------------------------------
/var/log/eb-hooks.log
----------------------------------------


